<?xml version="1.0" encoding="UTF-8"?>
<testng-results ignored="0" total="1" passed="1" failed="0" skipped="0">
  <reporter-output>
  </reporter-output>
  <suite started-at="2022-11-15T20:31:29 IST" name="Default suite" finished-at="2022-11-15T20:31:29 IST" duration-ms="52">
    <groups>
    </groups>
    <test started-at="2022-11-15T20:31:29 IST" name="Default test" finished-at="2022-11-15T20:31:29 IST" duration-ms="52">
      <class name="samples.solutions">
        <test-method signature="sam()[pri:0, instance:samples.solutions@7a4ccb53]" started-at="2022-11-15T20:31:29 IST" name="sam" finished-at="2022-11-15T20:31:29 IST" duration-ms="8" status="PASS">
          <reporter-output>
          </reporter-output>
        </test-method> <!-- sam -->
      </class> <!-- samples.solutions -->
    </test> <!-- Default test -->
  </suite> <!-- Default suite -->
</testng-results>
